00:00:01.721660 VirtualBox VM 6.1.6 r137129 linux.amd64 (Apr  9 2020 19:05:49) release log
00:00:01.721663 Log opened 2020-05-24T22:09:15.076965000Z
00:00:01.721664 Build Type: release
00:00:01.721669 OS Product: Linux
00:00:01.721671 OS Release: 5.4.0-31-generic
00:00:01.721673 OS Version: #35-Ubuntu SMP Thu May 7 20:20:34 UTC 2020
00:00:01.721710 DMI Product Name: Latitude E7470
00:00:01.721729 DMI Product Version: 
00:00:01.721745 Firmware type: BIOS
00:00:01.721808 Host RAM: 7609MB (7.4GB) total, 1922MB available
00:00:01.721814 Executable: /usr/lib/virtualbox/VirtualBoxVM
00:00:01.721815 Process ID: 86830
00:00:01.721816 Package type: LINUX_64BITS_UBUNTU_19_10
00:00:01.736586 Installed Extension Packs:
00:00:01.736605   None installed!
00:00:01.737641 Console: Machine state changed to 'Starting'
00:00:01.737891 Qt version: 5.12.8
00:00:01.737904 X11 Window Manager code: 2
00:00:01.756639 SUP: Loaded VMMR0.r0 (/usr/lib/virtualbox/VMMR0.r0) at 0xXXXXXXXXXXXXXXXX - ModuleInit at XXXXXXXXXXXXXXXX and ModuleTerm at XXXXXXXXXXXXXXXX
00:00:01.756660 SUP: VMMR0EntryEx located at XXXXXXXXXXXXXXXX and VMMR0EntryFast at XXXXXXXXXXXXXXXX
00:00:01.765021 GUI: UIMediumEnumerator: Medium-enumeration finished!
00:00:01.767640 X Server details: vendor: The X.Org Foundation, release: 12008000, protocol version: 11.0, display string: :0
00:00:01.767656 Using XKB for keycode to scan code conversion
00:00:01.770592 Guest OS type: 'Other_64'
00:00:01.786913 fHMForced=true - No raw-mode support in this build!
00:00:01.788914 GUI: UIDesktopWidgetWatchdog::sltHandleHostScreenAvailableGeometryCalculated: Screen 0 work area is actually resized to: 0x27 x 1366x741
00:00:01.819220 File system of '/home/gyu/Classes/446/nautilus/nk/Snapshots' (snapshots) is unknown
00:00:01.819243 File system of '/home/gyu/Classes/446/nautilus/nk/nk.vdi' is ext4
00:00:01.831455 File system of '/home/gyu/Classes/446/nautilus/nautilus.iso' (DVD) is ext4
00:00:01.896424 Shared Clipboard: Service loaded
00:00:01.896444 Shared Clipboard: Mode: Off
00:00:01.896541 Shared Clipboard: Service running in normal mode
00:00:01.899189 Drag and drop service loaded
00:00:01.899222 Drag and drop mode: Off
00:00:01.918838 ************************* CFGM dump *************************
00:00:01.918847 [/] (level 0)
00:00:01.918874   CpuExecutionCap   <integer> = 0x0000000000000064 (100)
00:00:01.918878   EnablePAE         <integer> = 0x0000000000000001 (1)
00:00:01.918880   HMEnabled         <integer> = 0x0000000000000001 (1)
00:00:01.918880   MemBalloonSize    <integer> = 0x0000000000000000 (0)
00:00:01.918881   Name              <string>  = "nk" (cb=3)
00:00:01.918882   NumCPUs           <integer> = 0x0000000000000001 (1)
00:00:01.918883   PageFusionAllowed <integer> = 0x0000000000000000 (0)
00:00:01.918884   RamHoleSize       <integer> = 0x0000000020000000 (536 870 912, 512 MB)
00:00:01.918886   RamSize           <integer> = 0x0000000004000000 (67 108 864, 64 MB)
00:00:01.918887   TimerMillies      <integer> = 0x000000000000000a (10)
00:00:01.918888   UUID              <bytes>   = "08 3d 3c e3 ee 6a 9b 4e bc 19 05 ba 4a e8 aa b1" (cb=16)
00:00:01.918892 
00:00:01.918895 [/CPUM/] (level 1)
00:00:01.918897   GuestCpuName       <string>  = "host" (cb=5)
00:00:01.918898   NestedHWVirt       <integer> = 0x0000000000000000 (0)
00:00:01.918899   PortableCpuIdLevel <integer> = 0x0000000000000000 (0)
00:00:01.918899   SpecCtrl           <integer> = 0x0000000000000000 (0)
00:00:01.918900 
00:00:01.918901 [/CPUM/IsaExts/] (level 2)
00:00:01.918902 
00:00:01.918905 [/DBGC/] (level 1)
00:00:01.918906   GlobalInitScript <string>  = "/home/gyu/.config/VirtualBox/dbgc-init" (cb=39)
00:00:01.918907   HistoryFile      <string>  = "/home/gyu/.config/VirtualBox/dbgc-history" (cb=42)
00:00:01.918908   LocalInitScript  <string>  = "/home/gyu/Classes/446/nautilus/nk/dbgc-init" (cb=44)
00:00:01.918909 
00:00:01.918909 [/DBGF/] (level 1)
00:00:01.918910   Path <string>  = "/home/gyu/Classes/446/nautilus/nk/debug/;/home/gyu/Classes/446/nautilus/nk/;cache*/home/gyu/Classes/446/nautilus/nk/dbgcache/;/home/gyu/" (cb=137)
00:00:01.918910 
00:00:01.918911 [/Devices/] (level 1)
00:00:01.918912 
00:00:01.918912 [/Devices/8237A/] (level 2)
00:00:01.918913 
00:00:01.918913 [/Devices/8237A/0/] (level 3)
00:00:01.918914   Trusted <integer> = 0x0000000000000001 (1)
00:00:01.918915 
00:00:01.918915 [/Devices/VMMDev/] (level 2)
00:00:01.918916 
00:00:01.918916 [/Devices/VMMDev/0/] (level 3)
00:00:01.918917   PCIBusNo      <integer> = 0x0000000000000000 (0)
00:00:01.918918   PCIDeviceNo   <integer> = 0x0000000000000004 (4)
00:00:01.918919   PCIFunctionNo <integer> = 0x0000000000000000 (0)
00:00:01.918920   Trusted       <integer> = 0x0000000000000001 (1)
00:00:01.918920 
00:00:01.918921 [/Devices/VMMDev/0/Config/] (level 4)
00:00:01.918922   GuestCoreDumpDir <string>  = "/home/gyu/Classes/446/nautilus/nk/Snapshots" (cb=44)
00:00:01.918922 
00:00:01.918923 [/Devices/VMMDev/0/LUN#0/] (level 4)
00:00:01.918924   Driver <string>  = "HGCM" (cb=5)
00:00:01.918924 
00:00:01.918925 [/Devices/VMMDev/0/LUN#0/Config/] (level 5)
00:00:01.918926   Object <integer> = 0x00007f0ac0000bb0 (139 684 147 628 976)
00:00:01.918927 
00:00:01.918928 [/Devices/VMMDev/0/LUN#999/] (level 4)
00:00:01.918929   Driver <string>  = "MainStatus" (cb=11)
00:00:01.918929 
00:00:01.918930 [/Devices/VMMDev/0/LUN#999/Config/] (level 5)
00:00:01.918931   First   <integer> = 0x0000000000000000 (0)
00:00:01.918931   Last    <integer> = 0x0000000000000000 (0)
00:00:01.918932   papLeds <integer> = 0x00007f0ae0001c00 (139 684 684 504 064)
00:00:01.918933 
00:00:01.918934 [/Devices/acpi/] (level 2)
00:00:01.918935 
00:00:01.918935 [/Devices/acpi/0/] (level 3)
00:00:01.918936   PCIBusNo      <integer> = 0x0000000000000000 (0)
00:00:01.918937   PCIDeviceNo   <integer> = 0x0000000000000007 (7)
00:00:01.918938   PCIFunctionNo <integer> = 0x0000000000000000 (0)
00:00:01.918938   Trusted       <integer> = 0x0000000000000001 (1)
00:00:01.918939 
00:00:01.918939 [/Devices/acpi/0/Config/] (level 4)
00:00:01.918941   CpuHotPlug          <integer> = 0x0000000000000000 (0)
00:00:01.918942   FdcEnabled          <integer> = 0x0000000000000000 (0)
00:00:01.918942   HostBusPciAddress   <integer> = 0x0000000000000000 (0)
00:00:01.918943   HpetEnabled         <integer> = 0x0000000000000000 (0)
00:00:01.918944   IOAPIC              <integer> = 0x0000000000000001 (1)
00:00:01.918945   IocPciAddress       <integer> = 0x0000000000010000 (65 536)
00:00:01.918946   NumCPUs             <integer> = 0x0000000000000001 (1)
00:00:01.918947   Parallel0IoPortBase <integer> = 0x0000000000000000 (0)
00:00:01.918947   Parallel0Irq        <integer> = 0x0000000000000000 (0)
00:00:01.918948   Parallel1IoPortBase <integer> = 0x0000000000000000 (0)
00:00:01.918949   Parallel1Irq        <integer> = 0x0000000000000000 (0)
00:00:01.918949   Serial0IoPortBase   <integer> = 0x0000000000000000 (0)
00:00:01.918950   Serial0Irq          <integer> = 0x0000000000000000 (0)
00:00:01.918951   Serial1IoPortBase   <integer> = 0x0000000000000000 (0)
00:00:01.918951   Serial1Irq          <integer> = 0x0000000000000000 (0)
00:00:01.918952   ShowCpu             <integer> = 0x0000000000000001 (1)
00:00:01.918953   ShowRtc             <integer> = 0x0000000000000000 (0)
00:00:01.918954   SmcEnabled          <integer> = 0x0000000000000000 (0)
00:00:01.918954 
00:00:01.918955 [/Devices/acpi/0/LUN#0/] (level 4)
00:00:01.918956   Driver <string>  = "ACPIHost" (cb=9)
00:00:01.918957 
00:00:01.918957 [/Devices/acpi/0/LUN#0/Config/] (level 5)
00:00:01.918958 
00:00:01.918958 [/Devices/apic/] (level 2)
00:00:01.918959 
00:00:01.918960 [/Devices/apic/0/] (level 3)
00:00:01.918961   Trusted <integer> = 0x0000000000000001 (1)
00:00:01.918961 
00:00:01.918961 [/Devices/apic/0/Config/] (level 4)
00:00:01.918962   IOAPIC  <integer> = 0x0000000000000001 (1)
00:00:01.918963   Mode    <integer> = 0x0000000000000002 (2)
00:00:01.918964   NumCPUs <integer> = 0x0000000000000001 (1)
00:00:01.918964 
00:00:01.918965 [/Devices/e1000/] (level 2)
00:00:01.918966 
00:00:01.918966 [/Devices/i8254/] (level 2)
00:00:01.918967 
00:00:01.918967 [/Devices/i8254/0/] (level 3)
00:00:01.918968 
00:00:01.918968 [/Devices/i8254/0/Config/] (level 4)
00:00:01.918969 
00:00:01.918970 [/Devices/i8259/] (level 2)
00:00:01.918970 
00:00:01.918971 [/Devices/i8259/0/] (level 3)
00:00:01.918971   Trusted <integer> = 0x0000000000000001 (1)
00:00:01.918973 
00:00:01.918973 [/Devices/i8259/0/Config/] (level 4)
00:00:01.918978 
00:00:01.918979 [/Devices/ichac97/] (level 2)
00:00:01.918980 
00:00:01.918981 [/Devices/ichac97/0/] (level 3)
00:00:01.918982   PCIBusNo      <integer> = 0x0000000000000000 (0)
00:00:01.918984   PCIDeviceNo   <integer> = 0x0000000000000005 (5)
00:00:01.918985   PCIFunctionNo <integer> = 0x0000000000000000 (0)
00:00:01.918987   Trusted       <integer> = 0x0000000000000001 (1)
00:00:01.918988 
00:00:01.918988 [/Devices/ichac97/0/AudioConfig/] (level 4)
00:00:01.918990 
00:00:01.918991 [/Devices/ichac97/0/Config/] (level 4)
00:00:01.918993   Codec        <string>  = "STAC9700" (cb=9)
00:00:01.918994   DebugEnabled <integer> = 0x0000000000000000 (0)
00:00:01.918996 
00:00:01.918996 [/Devices/ichac97/0/LUN#0/] (level 4)
00:00:01.918998   Driver <string>  = "AUDIO" (cb=6)
00:00:01.918998 
00:00:01.918998 [/Devices/ichac97/0/LUN#0/AttachedDriver/] (level 5)
00:00:01.919000   Driver <string>  = "PulseAudio" (cb=11)
00:00:01.919000 
00:00:01.919001 [/Devices/ichac97/0/LUN#0/AttachedDriver/Config/] (level 6)
00:00:01.919002   StreamName <string>  = "nk" (cb=3)
00:00:01.919003 
00:00:01.919003 [/Devices/ichac97/0/LUN#0/Config/] (level 5)
00:00:01.919005   BufferSizeMs    <integer> = 0x0000000000000000 (0)
00:00:01.919006   DriverName      <string>  = "PulseAudio" (cb=11)
00:00:01.919007   InputEnabled    <integer> = 0x0000000000000000 (0)
00:00:01.919008   OutputEnabled   <integer> = 0x0000000000000001 (1)
00:00:01.919009   PeriodSizeMs    <integer> = 0x0000000000000000 (0)
00:00:01.919010   PreBufferSizeMs <integer> = 0x00000000ffffffff (4 294 967 295)
00:00:01.919012 
00:00:01.919012 [/Devices/ichac97/0/LUN#1/] (level 4)
00:00:01.919014   Driver <string>  = "AUDIO" (cb=6)
00:00:01.919015 
00:00:01.919015 [/Devices/ichac97/0/LUN#2/] (level 4)
00:00:01.919017   Driver <string>  = "AUDIO" (cb=6)
00:00:01.919017 
00:00:01.919018 [/Devices/ioapic/] (level 2)
00:00:01.919019 
00:00:01.919019 [/Devices/ioapic/0/] (level 3)
00:00:01.919021   Trusted <integer> = 0x0000000000000001 (1)
00:00:01.919022 
00:00:01.919022 [/Devices/ioapic/0/Config/] (level 4)
00:00:01.919024   NumCPUs <integer> = 0x0000000000000001 (1)
00:00:01.919024 
00:00:01.919032 [/Devices/mc146818/] (level 2)
00:00:01.919034 
00:00:01.919035 [/Devices/mc146818/0/] (level 3)
00:00:01.919036 
00:00:01.919037 [/Devices/mc146818/0/Config/] (level 4)
00:00:01.919039   UseUTC <integer> = 0x0000000000000000 (0)
00:00:01.919040 
00:00:01.919040 [/Devices/parallel/] (level 2)
00:00:01.919042 
00:00:01.919042 [/Devices/pcarch/] (level 2)
00:00:01.919043 
00:00:01.919043 [/Devices/pcarch/0/] (level 3)
00:00:01.919044   Trusted <integer> = 0x0000000000000001 (1)
00:00:01.919045 
00:00:01.919045 [/Devices/pcarch/0/Config/] (level 4)
00:00:01.919046 
00:00:01.919047 [/Devices/pcbios/] (level 2)
00:00:01.919047 
00:00:01.919048 [/Devices/pcbios/0/] (level 3)
00:00:01.919049   Trusted <integer> = 0x0000000000000001 (1)
00:00:01.919049 
00:00:01.919049 [/Devices/pcbios/0/Config/] (level 4)
00:00:01.919051   APIC           <integer> = 0x0000000000000001 (1)
00:00:01.919052   BootDevice0    <string>  = "FLOPPY" (cb=7)
00:00:01.919052   BootDevice1    <string>  = "DVD" (cb=4)
00:00:01.919053   BootDevice2    <string>  = "IDE" (cb=4)
00:00:01.919053   BootDevice3    <string>  = "NONE" (cb=5)
00:00:01.919054   FloppyDevice   <string>  = "i82078" (cb=7)
00:00:01.919055   HardDiskDevice <string>  = "piix3ide" (cb=9)
00:00:01.919055   IOAPIC         <integer> = 0x0000000000000001 (1)
00:00:01.919056   McfgBase       <integer> = 0x0000000000000000 (0)
00:00:01.919057   McfgLength     <integer> = 0x0000000000000000 (0)
00:00:01.919057   NumCPUs        <integer> = 0x0000000000000001 (1)
00:00:01.919058   PXEDebug       <integer> = 0x0000000000000000 (0)
00:00:01.919059   UUID           <bytes>   = "08 3d 3c e3 ee 6a 9b 4e bc 19 05 ba 4a e8 aa b1" (cb=16)
00:00:01.919062   UuidLe         <integer> = 0x0000000000000001 (1)
00:00:01.919062 
00:00:01.919063 [/Devices/pcbios/0/Config/NetBoot/] (level 5)
00:00:01.919064 
00:00:01.919064 [/Devices/pcbios/0/Config/NetBoot/0/] (level 6)
00:00:01.919066   NIC           <integer> = 0x0000000000000000 (0)
00:00:01.919066   PCIBusNo      <integer> = 0x0000000000000000 (0)
00:00:01.919067   PCIDeviceNo   <integer> = 0x0000000000000003 (3)
00:00:01.919068   PCIFunctionNo <integer> = 0x0000000000000000 (0)
00:00:01.919069 
00:00:01.919069 [/Devices/pci/] (level 2)
00:00:01.919070 
00:00:01.919070 [/Devices/pci/0/] (level 3)
00:00:01.919071   Trusted <integer> = 0x0000000000000001 (1)
00:00:01.919072 
00:00:01.919072 [/Devices/pci/0/Config/] (level 4)
00:00:01.919073   IOAPIC <integer> = 0x0000000000000001 (1)
00:00:01.919074 
00:00:01.919074 [/Devices/pcibridge/] (level 2)
00:00:01.919075 
00:00:01.919076 [/Devices/pckbd/] (level 2)
00:00:01.919077 
00:00:01.919077 [/Devices/pckbd/0/] (level 3)
00:00:01.919079   Trusted <integer> = 0x0000000000000001 (1)
00:00:01.919080 
00:00:01.919080 [/Devices/pckbd/0/Config/] (level 4)
00:00:01.919082 
00:00:01.919082 [/Devices/pckbd/0/LUN#0/] (level 4)
00:00:01.919084   Driver <string>  = "KeyboardQueue" (cb=14)
00:00:01.919085 
00:00:01.919085 [/Devices/pckbd/0/LUN#0/AttachedDriver/] (level 5)
00:00:01.919087   Driver <string>  = "MainKeyboard" (cb=13)
00:00:01.919088 
00:00:01.919088 [/Devices/pckbd/0/LUN#0/AttachedDriver/Config/] (level 6)
00:00:01.919090   Object <integer> = 0x0000561c2ab2f2f0 (94 678 975 443 696)
00:00:01.919092 
00:00:01.919093 [/Devices/pckbd/0/LUN#0/Config/] (level 5)
00:00:01.919095   QueueSize <integer> = 0x0000000000000040 (64)
00:00:01.919096 
00:00:01.919097 [/Devices/pckbd/0/LUN#1/] (level 4)
00:00:01.919099   Driver <string>  = "MouseQueue" (cb=11)
00:00:01.919100 
00:00:01.919100 [/Devices/pckbd/0/LUN#1/AttachedDriver/] (level 5)
00:00:01.919102   Driver <string>  = "MainMouse" (cb=10)
00:00:01.919103 
00:00:01.919104 [/Devices/pckbd/0/LUN#1/AttachedDriver/Config/] (level 6)
00:00:01.919106   Object <integer> = 0x00007f0ae0005230 (139 684 684 517 936)
00:00:01.919107 
00:00:01.919108 [/Devices/pckbd/0/LUN#1/Config/] (level 5)
00:00:01.919110   QueueSize <integer> = 0x0000000000000080 (128)
00:00:01.919111 
00:00:01.919112 [/Devices/pcnet/] (level 2)
00:00:01.919113 
00:00:01.919113 [/Devices/pcnet/0/] (level 3)
00:00:01.919115   PCIBusNo      <integer> = 0x0000000000000000 (0)
00:00:01.919115   PCIDeviceNo   <integer> = 0x0000000000000003 (3)
00:00:01.919116   PCIFunctionNo <integer> = 0x0000000000000000 (0)
00:00:01.919117   Trusted       <integer> = 0x0000000000000001 (1)
00:00:01.919119 
00:00:01.919119 [/Devices/pcnet/0/Config/] (level 4)
00:00:01.919121   CableConnected <integer> = 0x0000000000000001 (1)
00:00:01.919122   ChipType       <string>  = "Am79C973" (cb=9)
00:00:01.919123   LineSpeed      <integer> = 0x0000000000000000 (0)
00:00:01.919124   MAC            <bytes>   = "08 00 27 58 9d 26" (cb=6)
00:00:01.919127 
00:00:01.919127 [/Devices/pcnet/0/LUN#0/] (level 4)
00:00:01.919129   Driver <string>  = "NAT" (cb=4)
00:00:01.919130 
00:00:01.919130 [/Devices/pcnet/0/LUN#0/Config/] (level 5)
00:00:01.919136   AliasMode       <integer> = 0x0000000000000000 (0)
00:00:01.919137   BootFile        <string>  = "nk.pxe" (cb=7)
00:00:01.919138   DNSProxy        <integer> = 0x0000000000000000 (0)
00:00:01.919141   Network         <string>  = "10.0.2.0/24" (cb=12)
00:00:01.919144   PassDomain      <integer> = 0x0000000000000001 (1)
00:00:01.919146   TFTPPrefix      <string>  = "/home/gyu/.config/VirtualBox/TFTP" (cb=34)
00:00:01.919147   UseHostResolver <integer> = 0x0000000000000000 (0)
00:00:01.919148 
00:00:01.919148 [/Devices/pcnet/0/LUN#999/] (level 4)
00:00:01.919149   Driver <string>  = "MainStatus" (cb=11)
00:00:01.919150 
00:00:01.919150 [/Devices/pcnet/0/LUN#999/Config/] (level 5)
00:00:01.919153   First   <integer> = 0x0000000000000000 (0)
00:00:01.919154   Last    <integer> = 0x0000000000000000 (0)
00:00:01.919156   papLeds <integer> = 0x00007f0ae0001ae0 (139 684 684 503 776)
00:00:01.919157 
00:00:01.919157 [/Devices/piix3ide/] (level 2)
00:00:01.919159 
00:00:01.919159 [/Devices/piix3ide/0/] (level 3)
00:00:01.919162   PCIBusNo      <integer> = 0x0000000000000000 (0)
00:00:01.919163   PCIDeviceNo   <integer> = 0x0000000000000001 (1)
00:00:01.919164   PCIFunctionNo <integer> = 0x0000000000000001 (1)
00:00:01.919164   Trusted       <integer> = 0x0000000000000001 (1)
00:00:01.919165 
00:00:01.919166 [/Devices/piix3ide/0/Config/] (level 4)
00:00:01.919167   Type <string>  = "PIIX4" (cb=6)
00:00:01.919168 
00:00:01.919168 [/Devices/piix3ide/0/LUN#0/] (level 4)
00:00:01.919170   Driver <string>  = "VD" (cb=3)
00:00:01.919170 
00:00:01.919171 [/Devices/piix3ide/0/LUN#0/Config/] (level 5)
00:00:01.919173   Format    <string>  = "VDI" (cb=4)
00:00:01.919174   Mountable <integer> = 0x0000000000000000 (0)
00:00:01.919175   Path      <string>  = "/home/gyu/Classes/446/nautilus/nk/nk.vdi" (cb=41)
00:00:01.919176   Type      <string>  = "HardDisk" (cb=9)
00:00:01.919177 
00:00:01.919177 [/Devices/piix3ide/0/LUN#0/Config/VDConfig/] (level 6)
00:00:01.919179   AllocationBlockSize <string>  = "1048576" (cb=8)
00:00:01.919180 
00:00:01.919180 [/Devices/piix3ide/0/LUN#2/] (level 4)
00:00:01.919182   Driver <string>  = "VD" (cb=3)
00:00:01.919183 
00:00:01.919183 [/Devices/piix3ide/0/LUN#2/Config/] (level 5)
00:00:01.919185   Format    <string>  = "RAW" (cb=4)
00:00:01.919186   Mountable <integer> = 0x0000000000000001 (1)
00:00:01.919187   Path      <string>  = "/home/gyu/Classes/446/nautilus/nautilus.iso" (cb=44)
00:00:01.919188   ReadOnly  <integer> = 0x0000000000000001 (1)
00:00:01.919189   Type      <string>  = "DVD" (cb=4)
00:00:01.919190 
00:00:01.919190 [/Devices/piix3ide/0/LUN#999/] (level 4)
00:00:01.919192   Driver <string>  = "MainStatus" (cb=11)
00:00:01.919193 
00:00:01.919193 [/Devices/piix3ide/0/LUN#999/Config/] (level 5)
00:00:01.919195   DeviceInstance        <string>  = "piix3ide/0" (cb=11)
00:00:01.919196   First                 <integer> = 0x0000000000000000 (0)
00:00:01.919197   Last                  <integer> = 0x0000000000000003 (3)
00:00:01.919198   pConsole              <integer> = 0x00007f0ae0001360 (139 684 684 501 856)
00:00:01.919201   papLeds               <integer> = 0x00007f0ae0001760 (139 684 684 502 880)
00:00:01.919203   pmapMediumAttachments <integer> = 0x00007f0ae0001c20 (139 684 684 504 096)
00:00:01.919205 
00:00:01.919206 [/Devices/serial/] (level 2)
00:00:01.919207 
00:00:01.919208 [/Devices/usb-ohci/] (level 2)
00:00:01.919209 
00:00:01.919210 [/Devices/usb-ohci/0/] (level 3)
00:00:01.919212   PCIBusNo      <integer> = 0x0000000000000000 (0)
00:00:01.919213   PCIDeviceNo   <integer> = 0x0000000000000006 (6)
00:00:01.919214   PCIFunctionNo <integer> = 0x0000000000000000 (0)
00:00:01.919215   Trusted       <integer> = 0x0000000000000001 (1)
00:00:01.919216 
00:00:01.919217 [/Devices/usb-ohci/0/Config/] (level 4)
00:00:01.919219 
00:00:01.919219 [/Devices/usb-ohci/0/LUN#0/] (level 4)
00:00:01.919221   Driver <string>  = "VUSBRootHub" (cb=12)
00:00:01.919222 
00:00:01.919222 [/Devices/usb-ohci/0/LUN#0/Config/] (level 5)
00:00:01.919224 
00:00:01.919225 [/Devices/usb-ohci/0/LUN#999/] (level 4)
00:00:01.919227   Driver <string>  = "MainStatus" (cb=11)
00:00:01.919228 
00:00:01.919228 [/Devices/usb-ohci/0/LUN#999/Config/] (level 5)
00:00:01.919231   First   <integer> = 0x0000000000000000 (0)
00:00:01.919232   Last    <integer> = 0x0000000000000000 (0)
00:00:01.919233   papLeds <integer> = 0x00007f0ae0001c08 (139 684 684 504 072)
00:00:01.919235 
00:00:01.919236 [/Devices/vga/] (level 2)
00:00:01.919237 
00:00:01.919238 [/Devices/vga/0/] (level 3)
00:00:01.919239   PCIBusNo      <integer> = 0x0000000000000000 (0)
00:00:01.919241   PCIDeviceNo   <integer> = 0x0000000000000002 (2)
00:00:01.919242   PCIFunctionNo <integer> = 0x0000000000000000 (0)
00:00:01.919243   Trusted       <integer> = 0x0000000000000001 (1)
00:00:01.919244 
00:00:01.919245 [/Devices/vga/0/Config/] (level 4)
00:00:01.919247   3DEnabled        <integer> = 0x0000000000000000 (0)
00:00:01.919248   CustomVideoModes <integer> = 0x0000000000000000 (0)
00:00:01.919249   FadeIn           <integer> = 0x0000000000000001 (1)
00:00:01.919250   FadeOut          <integer> = 0x0000000000000001 (1)
00:00:01.919251   HeightReduction  <integer> = 0x0000000000000000 (0)
00:00:01.919252   LogoFile         <string>  = "" (cb=1)
00:00:01.919253   LogoTime         <integer> = 0x0000000000000000 (0)
00:00:01.919254   MonitorCount     <integer> = 0x0000000000000001 (1)
00:00:01.919255   ShowBootMenu     <integer> = 0x0000000000000002 (2)
00:00:01.919256   VRamSize         <integer> = 0x0000000000600000 (6 291 456, 6 MB)
00:00:01.919258 
00:00:01.919259 [/Devices/vga/0/LUN#0/] (level 4)
00:00:01.919261   Driver <string>  = "MainDisplay" (cb=12)
00:00:01.919262 
00:00:01.919262 [/Devices/vga/0/LUN#0/Config/] (level 5)
00:00:01.919265   Object <integer> = 0x00007f0ae0005e70 (139 684 684 521 072)
00:00:01.919267 
00:00:01.919267 [/Devices/vga/0/LUN#999/] (level 4)
00:00:01.919269   Driver <string>  = "MainStatus" (cb=11)
00:00:01.919270 
00:00:01.919270 [/Devices/vga/0/LUN#999/Config/] (level 5)
00:00:01.919273   First   <integer> = 0x0000000000000000 (0)
00:00:01.919274   Last    <integer> = 0x0000000000000000 (0)
00:00:01.919275   papLeds <integer> = 0x00007f0ae0001c18 (139 684 684 504 088)
00:00:01.919277 
00:00:01.919277 [/Devices/virtio-net/] (level 2)
00:00:01.919279 
00:00:01.919280 [/EM/] (level 1)
00:00:01.919281   TripleFaultReset <integer> = 0x0000000000000000 (0)
00:00:01.919283 
00:00:01.919283 [/GIM/] (level 1)
00:00:01.919285   Provider <string>  = "None" (cb=5)
00:00:01.919286 
00:00:01.919286 [/HM/] (level 1)
00:00:01.919287   64bitEnabled       <integer> = 0x0000000000000001 (1)
00:00:01.919289   EnableLargePages   <integer> = 0x0000000000000000 (0)
00:00:01.919290   EnableNestedPaging <integer> = 0x0000000000000001 (1)
00:00:01.919291   EnableUX           <integer> = 0x0000000000000001 (1)
00:00:01.919292   EnableVPID         <integer> = 0x0000000000000001 (1)
00:00:01.919294   Exclusive          <integer> = 0x0000000000000001 (1)
00:00:01.919295   HMForced           <integer> = 0x0000000000000001 (1)
00:00:01.919297   IBPBOnVMEntry      <integer> = 0x0000000000000000 (0)
00:00:01.919298   IBPBOnVMExit       <integer> = 0x0000000000000000 (0)
00:00:01.919299   L1DFlushOnSched    <integer> = 0x0000000000000001 (1)
00:00:01.919300   L1DFlushOnVMEntry  <integer> = 0x0000000000000000 (0)
00:00:01.919301   MDSClearOnSched    <integer> = 0x0000000000000001 (1)
00:00:01.919303   MDSClearOnVMEntry  <integer> = 0x0000000000000000 (0)
00:00:01.919304   SpecCtrlByHost     <integer> = 0x0000000000000000 (0)
00:00:01.919305   UseNEMInstead      <integer> = 0x0000000000000000 (0)
00:00:01.919306 
00:00:01.919307 [/MM/] (level 1)
00:00:01.919309   CanUseLargerHeap <integer> = 0x0000000000000000 (0)
00:00:01.919310 
00:00:01.919311 [/NEM/] (level 1)
00:00:01.919312   Allow64BitGuests <integer> = 0x0000000000000001 (1)
00:00:01.919313 
00:00:01.919314 [/PDM/] (level 1)
00:00:01.919315 
00:00:01.919315 [/PDM/AsyncCompletion/] (level 2)
00:00:01.919317 
00:00:01.919317 [/PDM/AsyncCompletion/File/] (level 3)
00:00:01.919318 
00:00:01.919318 [/PDM/AsyncCompletion/File/BwGroups/] (level 4)
00:00:01.919320 
00:00:01.919320 [/PDM/BlkCache/] (level 2)
00:00:01.919321   CacheSize <integer> = 0x0000000000500000 (5 242 880, 5 MB)
00:00:01.919322 
00:00:01.919322 [/PDM/Devices/] (level 2)
00:00:01.919323 
00:00:01.919323 [/PDM/Drivers/] (level 2)
00:00:01.919324 
00:00:01.919325 [/PDM/Drivers/VBoxC/] (level 3)
00:00:01.919326   Path <string>  = "/usr/lib/virtualbox/components/VBoxC" (cb=37)
00:00:01.919326 
00:00:01.919327 [/PDM/NetworkShaper/] (level 2)
00:00:01.919327 
00:00:01.919328 [/PDM/NetworkShaper/BwGroups/] (level 3)
00:00:01.919329 
00:00:01.919329 [/TM/] (level 1)
00:00:01.919330   UTCOffset <integer> = 0x0000000000000000 (0)
00:00:01.919330 
00:00:01.919331 [/USB/] (level 1)
00:00:01.919331 
00:00:01.919332 [/USB/USBProxy/] (level 2)
00:00:01.919332 
00:00:01.919333 [/USB/USBProxy/GlobalConfig/] (level 3)
00:00:01.919334 
00:00:01.919334 ********************* End of CFGM dump **********************
00:00:01.919592 HM: HMR3Init: VT-x w/ nested paging and unrestricted guest execution hw support
00:00:01.919654 MM: cbHyperHeap=0x200000 (2097152)
00:00:01.921392 CPUM: fXStateHostMask=0x7; initial: 0x7; host XCR0=0x1f
00:00:01.924111 CPUM: Matched host CPU INTEL 0x6/0x4e/0x3 Intel_Core7_Skylake with CPU DB entry 'Intel Core i7-6700K' (INTEL 0x6/0x5e/0x3 Intel_Core7_Skylake)
00:00:01.924923 CPUM: MXCSR_MASK=0xffff (host: 0xffff)
00:00:01.924995 CPUM: Microcode revision 0x000000D6
00:00:01.925012 CPUM: Changing leaf 13[0]: EBX=0x440 -> 0x340, ECX=0x440 -> 0x340
00:00:01.925027 CPUM: MSR/CPUID reconciliation insert: 0x0000010b IA32_FLUSH_CMD
00:00:01.925130 CPUM: SetGuestCpuIdFeature: Enabled PAE
00:00:01.925721 PGM: Host paging mode: AMD64+PGE+NX
00:00:01.926216 PGM: PGMPool: cMaxPages=256 (u64MaxPages=64)
00:00:01.926267 PGM: pgmR3PoolInit: cMaxPages=0x100 cMaxUsers=0x200 cMaxPhysExts=0x200 fCacheEnable=true 
00:00:01.929018 TM: GIP - u32Mode=3 (Invariant) u32UpdateHz=62 u32UpdateIntervalNS=16000000 enmUseTscDelta=2 (Practically Zero) fGetGipCpu=0x1b cCpus=4
00:00:01.929038 TM: GIP - u64CpuHz=2 495 985 130 (0x94c5b5ea)  SUPGetCpuHzFromGip => 2 495 985 130
00:00:01.929045 TM: GIP - CPU: iCpuSet=0x0 idCpu=0x0 idApic=0x0 iGipCpu=0x2 i64TSCDelta=0 enmState=3 u64CpuHz=2495985053(*) cErrors=0
00:00:01.929052 TM: GIP - CPU: iCpuSet=0x1 idCpu=0x1 idApic=0x2 iGipCpu=0x1 i64TSCDelta=0 enmState=3 u64CpuHz=2495985130(*) cErrors=0
00:00:01.929057 TM: GIP - CPU: iCpuSet=0x2 idCpu=0x2 idApic=0x1 iGipCpu=0x3 i64TSCDelta=0 enmState=3 u64CpuHz=2495985130(*) cErrors=0
00:00:01.929061 TM: GIP - CPU: iCpuSet=0x3 idCpu=0x3 idApic=0x3 iGipCpu=0x0 i64TSCDelta=0 enmState=3 u64CpuHz=2495985130(*) cErrors=0
00:00:01.929137 TM: cTSCTicksPerSecond=2 495 985 130 (0x94c5b5ea) enmTSCMode=3 (Dynamic)
00:00:01.929141 TM: TSCTiedToExecution=false TSCNotTiedToHalt=false
00:00:01.930266 EMR3Init: fIemExecutesAll=false fGuruOnTripleFault=true 
00:00:01.930436 IEM: TargetCpu=CURRENT, Microarch=Intel_Core7_Skylake
00:00:01.930520 GIM: Using provider 'None' (Implementation version: 0)
00:00:01.992061 AIOMgr: Default manager type is 'Async'
00:00:01.992088 AIOMgr: Default file backend is 'NonBuffered'
00:00:01.992487 BlkCache: Cache successfully initialized. Cache size is 5242880 bytes
00:00:01.992514 BlkCache: Cache commit interval is 10000 ms
00:00:01.992520 BlkCache: Cache commit threshold is 2621440 bytes
00:00:01.997975 PcBios: [SMP] BIOS with 1 CPUs
00:00:01.998466 PcBios: Using the 386+ BIOS image.
00:00:01.998826 PcBios: MPS table at 000e1300
00:00:01.999467 PcBios: fCheckShutdownStatusForSoftReset=true   fClearShutdownStatusOnHardReset=true 
00:00:02.006887 SUP: Loaded VBoxDDR0.r0 (/usr/lib/virtualbox/VBoxDDR0.r0) at 0xXXXXXXXXXXXXXXXX - ModuleInit at XXXXXXXXXXXXXXXX and ModuleTerm at XXXXXXXXXXXXXXXX
00:00:02.007367 CPUM: SetGuestCpuIdFeature: Enabled xAPIC
00:00:02.007948 IOAPIC: Using implementation 2.0! Chipset type ICH9
00:00:02.008612 PIT: mode=3 count=0x10000 (65536) - 18.20 Hz (ch=0)
00:00:02.016423 Shared Folders service loaded
00:00:02.019569 Guest Control service loaded
00:00:02.030167 VGA: Using the 386+ BIOS image.
00:00:02.044570 DrvVD: Flushes will be ignored
00:00:02.044589 DrvVD: Async flushes will be passed to the disk
00:00:02.045961 VD: VDInit finished with VINF_SUCCESS
00:00:02.046042 VD: Opening the disk took 1444826 ns
00:00:02.046266 PIIX3 ATA: LUN#0: disk, PCHS=4161/16/63, total number of sectors 4194304
00:00:02.050002 PIIX3 ATA: LUN#1: no unit
00:00:02.050593 DrvVD: Flushes will be ignored
00:00:02.050610 DrvVD: Async flushes will be passed to the disk
00:00:02.050660 VD: Opening the disk took 41116 ns
00:00:02.050693 PIIX3 ATA: LUN#2: CD/DVD, total number of sectors 4059, passthrough disabled
00:00:02.050760 PIIX3 ATA: LUN#3: no unit
00:00:02.050977 PIIX3 ATA: Ctl#0: finished processing RESET
00:00:02.051265 PIIX3 ATA: Ctl#1: finished processing RESET
00:00:02.068436 NAT: Guest address guess set to 10.0.2.15 by initialization
00:00:02.068568 NAT: resolv.conf: nameserver 127.0.0.53
00:00:02.068575 NAT: resolv.conf: ignoring "options edns0"
00:00:02.068584 NAT: DNS server 127.0.0.53 registration detected, switching to the DNS proxy
00:00:02.068588 NAT: Adding domain name attlocal.net
00:00:02.068591 NAT: DNS#0: 127.0.0.53
00:00:02.071230 AC97: Using codec 'STAC9700'
00:00:02.071318 Audio: Initializing PulseAudio driver
00:00:02.088780 PulseAudio: Using v13.99.0
00:00:02.093738 PulseAudio: Retrieving server information ...
00:00:02.095073 AC97: Reset
00:00:02.095086 AC97: Mixer reset (EAID=0x809, EACS=0x9)
00:00:02.095091 AC97: Record select to left=Microphone In, right=Microphone In
00:00:02.096121 PGM: The CPU physical address width is 39 bits
00:00:02.096136 PGM: PGMR3InitFinalize: 4 MB PSE mask 0000007fffffffff -> VINF_SUCCESS
00:00:02.096195 TM: TMR3InitFinalize: fTSCModeSwitchAllowed=false
00:00:02.096349 VMM: Enabled thread-context hooks
00:00:02.096355 VMM: RTThreadPreemptIsPending() can be trusted
00:00:02.096358 VMM: Kernel preemption is not possible it seems
00:00:02.096393 HM: fWorldSwitcher=0x0 (fIbpbOnVmExit=false fIbpbOnVmEntry=false fL1dFlushOnVmEntry=false); fL1dFlushOnSched=true  fMdsClearOnVmEntry=false
00:00:02.096401 HM: Using VT-x implementation 3.0
00:00:02.096401 HM: Max resume loops                  = 8192
00:00:02.096402 HM: Host CR4                          = 0x3606f0
00:00:02.096403 HM: Host EFER                         = 0xd01
00:00:02.096404 HM: MSR_IA32_SMM_MONITOR_CTL          = 0x0
00:00:02.096405 HM: MSR_IA32_FEATURE_CONTROL          = 0x5
00:00:02.096406 HM:   LOCK
00:00:02.096407 HM:   VMXON
00:00:02.096407 HM: MSR_IA32_VMX_BASIC                = 0xda040000000004
00:00:02.096409 HM:   VMCS id                           = 0x4
00:00:02.096409 HM:   VMCS size                         = 1024 bytes
00:00:02.096410 HM:   VMCS physical address limit       = None
00:00:02.096411 HM:   VMCS memory type                  = Write Back (WB)
00:00:02.096412 HM:   Dual-monitor treatment support    = true 
00:00:02.096413 HM:   OUTS & INS instruction-info       = true 
00:00:02.096413 HM:   Supports true-capability MSRs     = true 
00:00:02.096414 HM:   VM-entry Xcpt error-code optional = false
00:00:02.096415 HM: MSR_IA32_VMX_PINBASED_CTLS        = 0x7f00000016
00:00:02.096416 HM:   EXT_INT_EXIT
00:00:02.096417 HM:   NMI_EXIT
00:00:02.096417 HM:   VIRTUAL_NMI
00:00:02.096418 HM:   PREEMPT_TIMER
00:00:02.096418 HM:   POSTED_INT (must be cleared)
00:00:02.096419 HM: MSR_IA32_VMX_PROCBASED_CTLS       = 0xfff9fffe0401e172
00:00:02.096420 HM:   INT_WINDOW_EXIT
00:00:02.096421 HM:   USE_TSC_OFFSETTING
00:00:02.096421 HM:   HLT_EXIT
00:00:02.096422 HM:   INVLPG_EXIT
00:00:02.096422 HM:   MWAIT_EXIT
00:00:02.096423 HM:   RDPMC_EXIT
00:00:02.096423 HM:   RDTSC_EXIT
00:00:02.096424 HM:   CR3_LOAD_EXIT (must be set)
00:00:02.096424 HM:   CR3_STORE_EXIT (must be set)
00:00:02.096425 HM:   CR8_LOAD_EXIT
00:00:02.096425 HM:   CR8_STORE_EXIT
00:00:02.096426 HM:   USE_TPR_SHADOW
00:00:02.096426 HM:   NMI_WINDOW_EXIT
00:00:02.096427 HM:   MOV_DR_EXIT
00:00:02.096427 HM:   UNCOND_IO_EXIT
00:00:02.096433 HM:   USE_IO_BITMAPS
00:00:02.096433 HM:   MONITOR_TRAP_FLAG
00:00:02.096434 HM:   USE_MSR_BITMAPS
00:00:02.096434 HM:   MONITOR_EXIT
00:00:02.096435 HM:   PAUSE_EXIT
00:00:02.096435 HM:   USE_SECONDARY_CTLS
00:00:02.096436 HM: MSR_IA32_VMX_PROCBASED_CTLS2      = 0x1ffcff00000000
00:00:02.096437 HM:   VIRT_APIC_ACCESS
00:00:02.096438 HM:   EPT
00:00:02.096438 HM:   DESC_TABLE_EXIT
00:00:02.096439 HM:   RDTSCP
00:00:02.096439 HM:   VIRT_X2APIC_MODE
00:00:02.096440 HM:   VPID
00:00:02.096441 HM:   WBINVD_EXIT
00:00:02.096441 HM:   UNRESTRICTED_GUEST
00:00:02.096442 HM:   APIC_REG_VIRT (must be cleared)
00:00:02.096442 HM:   VIRT_INT_DELIVERY (must be cleared)
00:00:02.096443 HM:   PAUSE_LOOP_EXIT
00:00:02.096444 HM:   RDRAND_EXIT
00:00:02.096444 HM:   INVPCID
00:00:02.096445 HM:   VMFUNC
00:00:02.096445 HM:   VMCS_SHADOWING
00:00:02.096446 HM:   ENCLS_EXIT
00:00:02.096446 HM:   RDSEED_EXIT
00:00:02.096447 HM:   PML
00:00:02.096447 HM:   EPT_VE
00:00:02.096448 HM:   CONCEAL_VMX_FROM_PT
00:00:02.096448 HM:   XSAVES_XRSTORS
00:00:02.096449 HM:   MODE_BASED_EPT_PERM (must be cleared)
00:00:02.096449 HM:   SPPTP_EPT (must be cleared)
00:00:02.096450 HM:   PT_EPT (must be cleared)
00:00:02.096450 HM:   TSC_SCALING (must be cleared)
00:00:02.096451 HM:   USER_WAIT_PAUSE (must be cleared)
00:00:02.096451 HM:   ENCLV_EXIT (must be cleared)
00:00:02.096452 HM: MSR_IA32_VMX_ENTRY_CTLS           = 0x3ffff000011ff
00:00:02.096453 HM:   LOAD_DEBUG (must be set)
00:00:02.096453 HM:   IA32E_MODE_GUEST
00:00:02.096454 HM:   ENTRY_TO_SMM
00:00:02.096454 HM:   DEACTIVATE_DUAL_MON
00:00:02.096455 HM:   LOAD_PERF_MSR
00:00:02.096456 HM:   LOAD_PAT_MSR
00:00:02.096456 HM:   LOAD_EFER_MSR
00:00:02.096457 HM:   LOAD_BNDCFGS_MSR
00:00:02.096457 HM:   CONCEAL_VMX_FROM_PT
00:00:02.096458 HM:   LOAD_RTIT_CTL_MSR (must be cleared)
00:00:02.096458 HM: MSR_IA32_VMX_EXIT_CTLS            = 0x1ffffff00036dff
00:00:02.096459 HM:   SAVE_DEBUG (must be set)
00:00:02.096460 HM:   HOST_ADDR_SPACE_SIZE
00:00:02.096461 HM:   LOAD_PERF_MSR
00:00:02.096461 HM:   ACK_EXT_INT
00:00:02.096462 HM:   SAVE_PAT_MSR
00:00:02.096462 HM:   LOAD_PAT_MSR
00:00:02.096463 HM:   SAVE_EFER_MSR
00:00:02.096463 HM:   LOAD_EFER_MSR
00:00:02.096464 HM:   SAVE_PREEMPT_TIMER
00:00:02.096464 HM:   CLEAR_BNDCFGS_MSR
00:00:02.096465 HM:   CONCEAL_VMX_FROM_PT
00:00:02.096465 HM:   CLEAR_RTIT_CTL_MSR (must be cleared)
00:00:02.096466 HM: MSR_IA32_VMX_TRUE_PINBASED_CTLS   = 0x7f00000016
00:00:02.096467 HM: MSR_IA32_VMX_TRUE_PROCBASED_CTLS  = 0xfff9fffe04006172
00:00:02.096468 HM: MSR_IA32_VMX_TRUE_ENTRY_CTLS      = 0x3ffff000011fb
00:00:02.096470 HM: MSR_IA32_VMX_TRUE_EXIT_CTLS       = 0x1ffffff00036dfb
00:00:02.096471 HM: MSR_IA32_VMX_MISC                 = 0x7004c1e7
00:00:02.096472 HM:   PREEMPT_TIMER_TSC                 = 0x7
00:00:02.096473 HM:   EXIT_SAVE_EFER_LMA                = true 
00:00:02.096473 HM:   ACTIVITY_STATES                   = 0x7 ( HLT SHUTDOWN SIPI_WAIT )
00:00:02.096474 HM:   INTEL_PT                          = true 
00:00:02.096475 HM:   SMM_READ_SMBASE_MSR               = true 
00:00:02.096476 HM:   CR3_TARGET                        = 0x4
00:00:02.096476 HM:   MAX_MSR                           = 0x0 ( 512 )
00:00:02.096477 HM:   VMXOFF_BLOCK_SMI                  = true 
00:00:02.096478 HM:   VMWRITE_ALL                       = true 
00:00:02.096479 HM:   ENTRY_INJECT_SOFT_INT             = 0x1
00:00:02.096479 HM:   MSEG_ID                           = 0x0
00:00:02.096480 HM: MSR_IA32_VMX_VMCS_ENUM            = 0x2e
00:00:02.096481 HM:   HIGHEST_IDX                       = 0x17
00:00:02.096481 HM: MSR_IA32_VMX_EPT_VPID_CAP         = 0xf0106334141
00:00:02.096483 HM:   RWX_X_ONLY
00:00:02.096483 HM:   PAGE_WALK_LENGTH_4
00:00:02.096484 HM:   EMT_UC
00:00:02.096484 HM:   EMT_WB
00:00:02.096485 HM:   PDE_2M
00:00:02.096485 HM:   PDPTE_1G
00:00:02.096486 HM:   INVEPT
00:00:02.096486 HM:   EPT_ACCESS_DIRTY
00:00:02.096487 HM:   INVEPT_SINGLE_CONTEXT
00:00:02.096487 HM:   INVEPT_ALL_CONTEXTS
00:00:02.096487 HM:   INVVPID
00:00:02.096488 HM:   INVVPID_INDIV_ADDR
00:00:02.096488 HM:   INVVPID_SINGLE_CONTEXT
00:00:02.096489 HM:   INVVPID_ALL_CONTEXTS
00:00:02.096489 HM:   INVVPID_SINGLE_CONTEXT_RETAIN_GLOBALS
00:00:02.096490 HM: MSR_IA32_VMX_VMFUNC               = 0x1
00:00:02.096490 HM:   EPTP_SWITCHING
00:00:02.096491 HM: MSR_IA32_VMX_CR0_FIXED0           = 0x80000021
00:00:02.096492 HM: MSR_IA32_VMX_CR0_FIXED1           = 0xffffffff
00:00:02.096493 HM: MSR_IA32_VMX_CR4_FIXED0           = 0x2000
00:00:02.096494 HM: MSR_IA32_VMX_CR4_FIXED1           = 0x3767ff
00:00:02.096494 HM: APIC-access page physaddr         = 0x00000001efe07000
00:00:02.096496 HM: VCPU  0: MSR bitmap physaddr      = 0x0000000205fa9000
00:00:02.096497 HM: VCPU  0: VMCS physaddr            = 0x0000000130ee7000
00:00:02.096499 HM: Guest support: 32-bit and 64-bit
00:00:02.096503 HM: Supports VMCS EFER fields         = true 
00:00:02.096504 HM: Enabled VMX
00:00:02.096507 CPUM: SetGuestCpuIdFeature: Enabled SYSENTER/EXIT
00:00:02.096508 CPUM: SetGuestCpuIdFeature: Enabled PAE
00:00:02.096508 CPUM: SetGuestCpuIdFeature: Enabled LONG MODE
00:00:02.096509 CPUM: SetGuestCpuIdFeature: Enabled SYSCALL/RET
00:00:02.096509 CPUM: SetGuestCpuIdFeature: Enabled LAHF/SAHF
00:00:02.096510 CPUM: SetGuestCpuIdFeature: Enabled NX
00:00:02.096511 HM: Enabled nested paging
00:00:02.096511 HM:   EPT flush type                  = Single context
00:00:02.096512 HM: Enabled unrestricted guest execution
00:00:02.096512 HM: Enabled VPID
00:00:02.096513 HM:   VPID flush type                 = Single context
00:00:02.096513 HM: Enabled VMX-preemption timer (cPreemptTimerShift=7)
00:00:02.096514 HM: VT-x/AMD-V init method: Global
00:00:02.096515 EM: Exit history optimizations: enabled=true  enabled-r0=true  enabled-r0-no-preemption=false
00:00:02.096558 PcBios: ATA LUN#0 LCHS=520/128/63
00:00:02.096583 APIC: fPostedIntrsEnabled=false fVirtApicRegsEnabled=false fSupportsTscDeadline=false
00:00:02.096591 TMR3UtcNow: nsNow=1 590 358 155 451 979 000 nsPrev=0 -> cNsDelta=1 590 358 155 451 979 000 (offLag=0 offVirtualSync=0 offVirtualSyncGivenUp=0, NowAgain=1 590 358 155 451 979 000)
00:00:02.096603 VMM: fUsePeriodicPreemptionTimers=false
00:00:02.096737 CPUM: Logical host processors: 4 present, 4 max, 4 online, online mask: 000000000000000f
00:00:02.096838 CPUM: Physical host cores: 2
00:00:02.096839 ************************* CPUID dump ************************
00:00:02.096857          Raw Standard CPUID Leaves
00:00:02.096857      Leaf/sub-leaf  eax      ebx      ecx      edx
00:00:02.096858 Gst: 00000000/0000  00000016 756e6547 6c65746e 49656e69
00:00:02.096860 Hst:                00000016 756e6547 6c65746e 49656e69
00:00:02.096862 Gst: 00000001/0000  000406e3 00010800 56da220b 178bfbff
00:00:02.096864 Hst:                000406e3 00100800 7ffafbff bfebfbff
00:00:02.096865 Gst: 00000002/0000  76036301 00f0b5ff 00000000 00c30000
00:00:02.096867 Hst:                76036301 00f0b5ff 00000000 00c30000
00:00:02.096868 Gst: 00000003/0000  00000000 00000000 00000000 00000000
00:00:02.096869 Hst:                00000000 00000000 00000000 00000000
00:00:02.096871 Gst: 00000004/0000  00000121 01c0003f 0000003f 00000000
00:00:02.096872 Hst:                1c004121 01c0003f 0000003f 00000000
00:00:02.096873 Gst: 00000004/0001  00000122 01c0003f 0000003f 00000000
00:00:02.096875 Hst:                1c004122 01c0003f 0000003f 00000000
00:00:02.096876 Gst: 00000004/0002  00000143 00c0003f 000003ff 00000000
00:00:02.096877 Hst:                1c004143 00c0003f 000003ff 00000000
00:00:02.096879 Gst: 00000004/0003  00000163 02c0003f 00000fff 00000006
00:00:02.096880 Hst:                1c03c163 02c0003f 00000fff 00000006
00:00:02.096881 Gst: 00000004/0004  00000000 00000000 00000000 00000000
00:00:02.096882 Hst:                00000000 00000000 00000000 00000000
00:00:02.096883 Gst: 00000005/0000  00000040 00000040 00000000 00000000
00:00:02.096885 Hst:                00000040 00000040 00000003 11142120
00:00:02.096886 Gst: 00000006/0000  00000000 00000000 00000000 00000000
00:00:02.096887 Hst:                000027f7 00000002 00000009 00000000
00:00:02.096889 Gst: 00000007/0000  00000000 00842421 00000000 10000400
00:00:02.096890 Hst:                00000000 029c6fbf 00000000 9c002400
00:00:02.096891 Gst: 00000007/0001  00000000 00000000 00000000 00000000
00:00:02.096892 Hst:                00000000 00000000 00000000 00000000
00:00:02.096894 Gst: 00000008/0000  00000000 00000000 00000000 00000000
00:00:02.096895 Hst:                00000000 00000000 00000000 00000000
00:00:02.096896 Gst: 00000009/0000  00000000 00000000 00000000 00000000
00:00:02.096897 Hst:                00000000 00000000 00000000 00000000
00:00:02.096898 Gst: 0000000a/0000  00000000 00000000 00000000 00000000
00:00:02.096899 Hst:                07300404 00000000 00000000 00000603
00:00:02.096900 Gst: 0000000b/0000  00000000 00000001 00000100 00000000
00:00:02.096901 Hst:                00000001 00000002 00000100 00000000
00:00:02.096903 Gst: 0000000b/0001  00000001 00000001 00000201 00000000
00:00:02.096904 Hst:                00000004 00000004 00000201 00000000
00:00:02.096905 Gst: 0000000b/0002  00000000 00000000 00000002 00000000
00:00:02.096906 Hst:                00000000 00000000 00000002 00000000
00:00:02.096907 Gst: 0000000c/0000  00000000 00000000 00000000 00000000
00:00:02.096908 Hst:                00000000 00000000 00000000 00000000
00:00:02.096909 Gst: 0000000d/0000  00000007 00000340 00000340 00000000
00:00:02.096911 Hst:                0000001f 00000440 00000440 00000000
00:00:02.096912 Gst: 0000000d/0001  00000000 000003c0 00000000 00000000
00:00:02.096913 Hst:                0000000f 000003c0 00000100 00000000
00:00:02.096914 Gst: 0000000d/0002  00000100 00000240 00000000 00000000
00:00:02.096915 Hst:                00000100 00000240 00000000 00000000
00:00:02.096917 Gst: 0000000d/0003  00000000 00000000 00000000 00000000
00:00:02.096918 Hst:                00000040 000003c0 00000000 00000000
00:00:02.096919 Gst: 0000000d/0004  00000000 00000000 00000000 00000000
00:00:02.096920 Hst:                00000040 00000400 00000000 00000000
00:00:02.096921 Gst: 0000000d/0005  00000000 00000000 00000000 00000000
00:00:02.096922 Hst:                00000000 00000000 00000000 00000000
00:00:02.096928 Gst: 0000000d/0006  00000000 00000000 00000000 00000000
00:00:02.096929 Hst:                00000000 00000000 00000000 00000000
00:00:02.096930 Gst: 0000000d/0007  00000000 00000000 00000000 00000000
00:00:02.096932 Hst:                00000000 00000000 00000000 00000000
00:00:02.096933 Gst: 0000000d/0008  00000000 00000000 00000000 00000000
00:00:02.096934 Hst:                00000080 00000000 00000001 00000000
00:00:02.096935 Gst: 0000000d/0009  00000000 00000000 00000000 00000000
00:00:02.096936 Hst:                00000000 00000000 00000000 00000000
00:00:02.096963 Gst: 0000000e/0000  00000000 00000000 00000000 00000000
00:00:02.096964 Hst:                00000000 00000000 00000000 00000000
00:00:02.096966 Gst: 0000000f/0000  00000000 00000000 00000000 00000000
00:00:02.096966 Hst:                00000000 00000000 00000000 00000000
00:00:02.096968 Gst: 00000010/0000  00000000 00000000 00000000 00000000
00:00:02.096969 Hst:                00000000 00000000 00000000 00000000
00:00:02.096970 Gst: 00000011/0000  00000000 00000000 00000000 00000000
00:00:02.096971 Hst:                00000000 00000000 00000000 00000000
00:00:02.096972 Gst: 00000012/0000  00000000 00000000 00000000 00000000
00:00:02.096973 Hst:                00000000 00000000 00000000 00000000
00:00:02.096975 Gst: 00000013/0000  00000000 00000000 00000000 00000000
00:00:02.096976 Hst:                00000000 00000000 00000000 00000000
00:00:02.096977 Gst: 00000014/0000  00000000 00000000 00000000 00000000
00:00:02.096978 Hst:                00000001 0000000f 00000007 00000000
00:00:02.096979 Hst: 00000015/0000  00000002 000000d0 00000000 00000000
00:00:02.096981 Hst: 00000016/0000  000009c4 00000bb8 00000064 00000000
00:00:02.096982                                Name: GenuineIntel
00:00:02.096985                            Supports: 0x00000000-0x00000016
00:00:02.096987                              Family:  6 	Extended: 0 	Effective: 6
00:00:02.096989                               Model: 14 	Extended: 4 	Effective: 78
00:00:02.096990                            Stepping: 3
00:00:02.096992                                Type: 0 (primary)
00:00:02.096993                             APIC ID: 0x00
00:00:02.096995                        Logical CPUs: 1
00:00:02.096996                        CLFLUSH Size: 8
00:00:02.096998                            Brand ID: 0x00
00:00:02.096999 Features
00:00:02.097000   Mnemonic - Description                                  = guest (host)
00:00:02.097001   FPU - x87 FPU on Chip                                   = 1 (1)
00:00:02.097003   VME - Virtual 8086 Mode Enhancements                    = 1 (1)
00:00:02.097005   DE - Debugging extensions                               = 1 (1)
00:00:02.097007   PSE - Page Size Extension                               = 1 (1)
00:00:02.097009   TSC - Time Stamp Counter                                = 1 (1)
00:00:02.097011   MSR - Model Specific Registers                          = 1 (1)
00:00:02.097013   PAE - Physical Address Extension                        = 1 (1)
00:00:02.097014   MCE - Machine Check Exception                           = 1 (1)
00:00:02.097016   CX8 - CMPXCHG8B instruction                             = 1 (1)
00:00:02.097018   APIC - APIC On-Chip                                     = 1 (1)
00:00:02.097020   SEP - SYSENTER and SYSEXIT Present                      = 1 (1)
00:00:02.097021   MTRR - Memory Type Range Registers                      = 1 (1)
00:00:02.097023   PGE - PTE Global Bit                                    = 1 (1)
00:00:02.097025   MCA - Machine Check Architecture                        = 1 (1)
00:00:02.097027   CMOV - Conditional Move instructions                    = 1 (1)
00:00:02.097028   PAT - Page Attribute Table                              = 1 (1)
00:00:02.097030   PSE-36 - 36-bit Page Size Extension                     = 1 (1)
00:00:02.097032   PSN - Processor Serial Number                           = 0 (0)
00:00:02.097033   CLFSH - CLFLUSH instruction                             = 1 (1)
00:00:02.097035   DS - Debug Store                                        = 0 (1)
00:00:02.097037   ACPI - Thermal Mon. & Soft. Clock Ctrl.                 = 0 (1)
00:00:02.097039   MMX - Intel MMX Technology                              = 1 (1)
00:00:02.097040   FXSR - FXSAVE and FXRSTOR instructions                  = 1 (1)
00:00:02.097042   SSE - SSE support                                       = 1 (1)
00:00:02.097044   SSE2 - SSE2 support                                     = 1 (1)
00:00:02.097046   SS - Self Snoop                                         = 0 (1)
00:00:02.097048   HTT - Hyper-Threading Technology                        = 1 (1)
00:00:02.097054   TM - Therm. Monitor                                     = 0 (1)
00:00:02.097056   PBE - Pending Break Enabled                             = 0 (1)
00:00:02.097058   SSE3 - SSE3 support                                     = 1 (1)
00:00:02.097060   PCLMUL - PCLMULQDQ support (for AES-GCM)                = 1 (1)
00:00:02.097062   DTES64 - DS Area 64-bit Layout                          = 0 (1)
00:00:02.097063   MONITOR - MONITOR/MWAIT instructions                    = 1 (1)
00:00:02.097065   CPL-DS - CPL Qualified Debug Store                      = 0 (1)
00:00:02.097067   VMX - Virtual Machine Extensions                        = 0 (1)
00:00:02.097068   SMX - Safer Mode Extensions                             = 0 (1)
00:00:02.097070   EST - Enhanced SpeedStep Technology                     = 0 (1)
00:00:02.097071   TM2 - Terminal Monitor 2                                = 0 (1)
00:00:02.097073   SSSE3 - Supplemental Streaming SIMD Extensions 3        = 1 (1)
00:00:02.097075   CNTX-ID - L1 Context ID                                 = 0 (0)
00:00:02.097076   SDBG - Silicon Debug interface                          = 0 (1)
00:00:02.097078   FMA - Fused Multiply Add extensions                     = 0 (1)
00:00:02.097080   CX16 - CMPXCHG16B instruction                           = 1 (1)
00:00:02.097081   TPRUPDATE - xTPR Update Control                         = 0 (1)
00:00:02.097083   PDCM - Perf/Debug Capability MSR                        = 0 (1)
00:00:02.097085   PCID - Process Context Identifiers                      = 1 (1)
00:00:02.097086   DCA - Direct Cache Access                               = 0 (0)
00:00:02.097088   SSE4_1 - SSE4_1 support                                 = 1 (1)
00:00:02.097090   SSE4_2 - SSE4_2 support                                 = 1 (1)
00:00:02.097092   X2APIC - x2APIC support                                 = 0 (1)
00:00:02.097094   MOVBE - MOVBE instruction                               = 1 (1)
00:00:02.097096   POPCNT - POPCNT instruction                             = 1 (1)
00:00:02.097098   TSCDEADL - Time Stamp Counter Deadline                  = 0 (1)
00:00:02.097099   AES - AES instructions                                  = 1 (1)
00:00:02.097101   XSAVE - XSAVE instruction                               = 1 (1)
00:00:02.097103   OSXSAVE - OSXSAVE instruction                           = 0 (1)
00:00:02.097105   AVX - AVX support                                       = 1 (1)
00:00:02.097107   F16C - 16-bit floating point conversion instructions    = 0 (1)
00:00:02.097108   RDRAND - RDRAND instruction                             = 1 (1)
00:00:02.097109   HVP - Hypervisor Present (we're a guest)                = 0 (0)
00:00:02.097111 Structured Extended Feature Flags Enumeration (leaf 7):
00:00:02.097112   Mnemonic - Description                                  = guest (host)
00:00:02.097113   FSGSBASE - RDFSBASE/RDGSBASE/WRFSBASE/WRGSBASE instr.   = 1 (1)
00:00:02.097114   TSCADJUST - Supports MSR_IA32_TSC_ADJUST                = 0 (1)
00:00:02.097115   SGX - Supports Software Guard Extensions                = 0 (1)
00:00:02.097117   BMI1 - Advanced Bit Manipulation extension 1            = 0 (1)
00:00:02.097118   HLE - Hardware Lock Elision                             = 0 (1)
00:00:02.097120   AVX2 - Advanced Vector Extensions 2                     = 1 (1)
00:00:02.097121   FDP_EXCPTN_ONLY - FPU DP only updated on exceptions     = 0 (0)
00:00:02.097123   SMEP - Supervisor Mode Execution Prevention             = 0 (1)
00:00:02.097124   BMI2 - Advanced Bit Manipulation extension 2            = 0 (1)
00:00:02.097125   ERMS - Enhanced REP MOVSB/STOSB instructions            = 0 (1)
00:00:02.097127   INVPCID - INVPCID instruction                           = 1 (1)
00:00:02.097128   RTM - Restricted Transactional Memory                   = 0 (1)
00:00:02.097130   PQM - Platform Quality of Service Monitoring            = 0 (0)
00:00:02.097131   DEPFPU_CS_DS - Deprecates FPU CS, FPU DS values if set  = 1 (1)
00:00:02.097132   MPE - Intel Memory Protection Extensions                = 0 (1)
00:00:02.097134   PQE - Platform Quality of Service Enforcement           = 0 (0)
00:00:02.097135   AVX512F - AVX512 Foundation instructions                = 0 (0)
00:00:02.097137   RDSEED - RDSEED instruction                             = 1 (1)
00:00:02.097139   ADX - ADCX/ADOX instructions                            = 0 (1)
00:00:02.097140   SMAP - Supervisor Mode Access Prevention                = 0 (1)
00:00:02.097142   CLFLUSHOPT - CLFLUSHOPT (Cache Line Flush) instruction  = 1 (1)
00:00:02.097143   INTEL_PT - Intel Processor Trace                        = 0 (1)
00:00:02.097144   AVX512PF - AVX512 Prefetch instructions                 = 0 (0)
00:00:02.097146   AVX512ER - AVX512 Exponential & Reciprocal instructions = 0 (0)
00:00:02.097147   AVX512CD - AVX512 Conflict Detection instructions       = 0 (0)
00:00:02.097148   SHA - Secure Hash Algorithm extensions                  = 0 (0)
00:00:02.097150   PREFETCHWT1 - PREFETCHWT1 instruction                   = 0 (0)
00:00:02.097152   UMIP - User mode insturction prevention                 = 0 (0)
00:00:02.097153   PKU - Protection Key for Usermode pages                 = 0 (0)
00:00:02.097154   OSPKE - CR4.PKU mirror                                  = 0 (0)
00:00:02.097161   MAWAU - Value used by BNDLDX & BNDSTX                   = 0x0 (0x0)
00:00:02.097163   RDPID - Read processor ID support                       = 0 (0)
00:00:02.097164   SGX_LC - Supports SGX Launch Configuration              = 0 (0)
00:00:02.097166   MD_CLEAR - Supports MDS related buffer clearing         = 1 (1)
00:00:02.097167   13 - Reserved                                           = 0 (1)
00:00:02.097169   IBRS_IBPB - IA32_SPEC_CTRL.IBRS and IA32_PRED_CMD.IBPB  = 0 (1)
00:00:02.097171   STIBP - Supports IA32_SPEC_CTRL.STIBP                   = 0 (1)
00:00:02.097172   FLUSH_CMD - Supports IA32_FLUSH_CMD                     = 1 (1)
00:00:02.097174   ARCHCAP - Supports IA32_ARCH_CAP                        = 0 (0)
00:00:02.097175   CORECAP - Supports IA32_CORE_CAP                        = 0 (0)
00:00:02.097177   SSBD - Supports IA32_SPEC_CTRL.SSBD                     = 0 (1)
00:00:02.097179 Processor Extended State Enumeration (leaf 0xd):
00:00:02.097180    XSAVE area cur/max size by XCR0, guest: 0x340/0x340
00:00:02.097181     XSAVE area cur/max size by XCR0, host: 0x440/0x440
00:00:02.097183                    Valid XCR0 bits, guest: 0x00000000`00000007 ( x87 SSE YMM_Hi128 )
00:00:02.097186                     Valid XCR0 bits, host: 0x00000000`0000001f ( x87 SSE YMM_Hi128 BNDREGS BNDCSR )
00:00:02.097189                     XSAVE features, guest:
00:00:02.097191                      XSAVE features, host: XSAVEOPT XSAVEC XGETBC1 XSAVES
00:00:02.097194       XSAVE area cur size XCR0|XSS, guest: 0x3c0
00:00:02.097195        XSAVE area cur size XCR0|XSS, host: 0x3c0
00:00:02.097196                Valid IA32_XSS bits, guest: 0x00000000`00000000
00:00:02.097197                 Valid IA32_XSS bits, host: 0x00000100`00000000 ( 40 )
00:00:02.097199   State #2, guest: off=0x0240, cb=0x0100 IA32_XSS-bit -- YMM_Hi128
00:00:02.097202   State #2, host:  off=0x0240, cb=0x0100 IA32_XSS-bit -- YMM_Hi128
00:00:02.097204   State #3, host:  off=0x03c0, cb=0x0040 IA32_XSS-bit -- BNDREGS
00:00:02.097206   State #4, host:  off=0x0400, cb=0x0040 IA32_XSS-bit -- BNDCSR
00:00:02.097208   State #8, host:  off=0x0000, cb=0x0080 XCR0-bit -- 8
00:00:02.097223          Unknown CPUID Leaves
00:00:02.097223      Leaf/sub-leaf  eax      ebx      ecx      edx
00:00:02.097224 Gst: 00000014/0001  00000000 00000000 00000000 00000000
00:00:02.097226 Hst:                02490002 003f3fff 00000000 00000000
00:00:02.097227 Gst: 00000014/0002  00000000 00000000 00000000 00000000
00:00:02.097228 Hst:                00000000 00000000 00000000 00000000
00:00:02.097230 Gst: 00000015/0000  00000000 00000000 00000000 00000000
00:00:02.097231 Hst:                00000002 000000d0 00000000 00000000
00:00:02.097232 Gst: 00000016/0000  00000000 00000000 00000000 00000000
00:00:02.097233 Hst:                000009c4 00000bb8 00000064 00000000
00:00:02.097235          Raw Extended CPUID Leaves
00:00:02.097236      Leaf/sub-leaf  eax      ebx      ecx      edx
00:00:02.097236 Gst: 80000000/0000  80000008 00000000 00000000 00000000
00:00:02.097238 Hst:                80000008 00000000 00000000 00000000
00:00:02.097239 Gst: 80000001/0000  00000000 00000000 00000121 28100800
00:00:02.097240 Hst:                00000000 00000000 00000121 2c100800
00:00:02.097242 Gst: 80000002/0000  65746e49 2952286c 726f4320 4d542865
00:00:02.097244 Hst:                65746e49 2952286c 726f4320 4d542865
00:00:02.097246 Gst: 80000003/0000  35692029 3033362d 43205530 40205550
00:00:02.097247 Hst:                35692029 3033362d 43205530 40205550
00:00:02.097249 Gst: 80000004/0000  342e3220 7a484730 00000000 00000000
00:00:02.097251 Hst:                342e3220 7a484730 00000000 00000000
00:00:02.097252 Gst: 80000005/0000  00000000 00000000 00000000 00000000
00:00:02.097253 Hst:                00000000 00000000 00000000 00000000
00:00:02.097254 Gst: 80000006/0000  00000000 00000000 01006040 00000000
00:00:02.097256 Hst:                00000000 00000000 01006040 00000000
00:00:02.097257 Gst: 80000007/0000  00000000 00000000 00000000 00000100
00:00:02.097258 Hst:                00000000 00000000 00000000 00000100
00:00:02.097259 Gst: 80000008/0000  00003027 00000000 00000000 00000000
00:00:02.097260 Hst:                00003027 00000000 00000000 00000000
00:00:02.097262 Ext Name:                        
00:00:02.097262 Ext Supports:                    0x80000000-0x80000008
00:00:02.097264 Family:                          0  	Extended: 0 	Effective: 0
00:00:02.097264 Model:                           0  	Extended: 0 	Effective: 0
00:00:02.097265 Stepping:                        0
00:00:02.097266 Brand ID:                        0x000
00:00:02.097267 Ext Features
00:00:02.097267   Mnemonic - Description                                  = guest (host)
00:00:02.097268   FPU - x87 FPU on Chip                                   = 0 (0)
00:00:02.097270   VME - Virtual 8086 Mode Enhancements                    = 0 (0)
00:00:02.097272   DE - Debugging extensions                               = 0 (0)
00:00:02.097274   PSE - Page Size Extension                               = 0 (0)
00:00:02.097275   TSC - Time Stamp Counter                                = 0 (0)
00:00:02.097277   MSR - K86 Model Specific Registers                      = 0 (0)
00:00:02.097279   PAE - Physical Address Extension                        = 0 (0)
00:00:02.097281   MCE - Machine Check Exception                           = 0 (0)
00:00:02.097282   CX8 - CMPXCHG8B instruction                             = 0 (0)
00:00:02.097284   APIC - APIC On-Chip                                     = 0 (0)
00:00:02.097286   SEP - SYSCALL/SYSRET                                    = 1 (1)
00:00:02.097288   MTRR - Memory Type Range Registers                      = 0 (0)
00:00:02.097290   PGE - PTE Global Bit                                    = 0 (0)
00:00:02.097292   MCA - Machine Check Architecture                        = 0 (0)
00:00:02.097293   CMOV - Conditional Move instructions                    = 0 (0)
00:00:02.097295   PAT - Page Attribute Table                              = 0 (0)
00:00:02.097301   PSE-36 - 36-bit Page Size Extension                     = 0 (0)
00:00:02.097302   NX - No-Execute/Execute-Disable                         = 1 (1)
00:00:02.097304   AXMMX - AMD Extensions to MMX instructions              = 0 (0)
00:00:02.097306   MMX - Intel MMX Technology                              = 0 (0)
00:00:02.097308   FXSR - FXSAVE and FXRSTOR Instructions                  = 0 (0)
00:00:02.097309   FFXSR - AMD fast FXSAVE and FXRSTOR instructions        = 0 (0)
00:00:02.097310   Page1GB - 1 GB large page                               = 0 (1)
00:00:02.097312   RDTSCP - RDTSCP instruction                             = 1 (1)
00:00:02.097314   LM - AMD64 Long Mode                                    = 1 (1)
00:00:02.097316   3DNOWEXT - AMD Extensions to 3DNow                      = 0 (0)
00:00:02.097318   3DNOW - AMD 3DNow                                       = 0 (0)
00:00:02.097320   LahfSahf - LAHF/SAHF support in 64-bit mode             = 1 (1)
00:00:02.097321   CmpLegacy - Core multi-processing legacy mode           = 0 (0)
00:00:02.097323   SVM - AMD Secure Virtual Machine extensions             = 0 (0)
00:00:02.097324   EXTAPIC - AMD Extended APIC registers                   = 0 (0)
00:00:02.097326   CR8L - AMD LOCK MOV CR0 means MOV CR8                   = 0 (0)
00:00:02.097327   ABM - AMD Advanced Bit Manipulation                     = 1 (1)
00:00:02.097329   SSE4A - SSE4A instructions                              = 0 (0)
00:00:02.097331   MISALIGNSSE - AMD Misaligned SSE mode                   = 0 (0)
00:00:02.097332   3DNOWPRF - AMD PREFETCH and PREFETCHW instructions      = 1 (1)
00:00:02.097333   OSVW - AMD OS Visible Workaround                        = 0 (0)
00:00:02.097335   IBS - Instruct Based Sampling                           = 0 (0)
00:00:02.097337   XOP - Extended Operation support                        = 0 (0)
00:00:02.097339   SKINIT - SKINIT, STGI, and DEV support                  = 0 (0)
00:00:02.097340   WDT - AMD Watchdog Timer support                        = 0 (0)
00:00:02.097342   LWP - Lightweight Profiling support                     = 0 (0)
00:00:02.097343   FMA4 - Four operand FMA instruction support             = 0 (0)
00:00:02.097345   NodeId - NodeId in MSR C001_100C                        = 0 (0)
00:00:02.097346   TBM - Trailing Bit Manipulation instructions            = 0 (0)
00:00:02.097348   TOPOEXT - Topology Extensions                           = 0 (0)
00:00:02.097349   PRFEXTCORE - Performance Counter Extensions support     = 0 (0)
00:00:02.097351   PRFEXTNB - NB Performance Counter Extensions support    = 0 (0)
00:00:02.097352   DATABPEXT - Data-access Breakpoint Extension            = 0 (0)
00:00:02.097353   PERFTSC - Performance Time Stamp Counter                = 0 (0)
00:00:02.097355   PCX_L2I - L2I/L3 Performance Counter Extensions         = 0 (0)
00:00:02.097356   MWAITX - MWAITX and MONITORX instructions               = 0 (0)
00:00:02.097358 Full Name:                       "Intel(R) Core(TM) i5-6300U CPU @ 2.40GHz"
00:00:02.097359 TLB 2/4M Instr/Uni:              res0     0 entries
00:00:02.097360 TLB 2/4M Data:                   res0     0 entries
00:00:02.097361 TLB 4K Instr/Uni:                res0     0 entries
00:00:02.097361 TLB 4K Data:                     res0     0 entries
00:00:02.097362 L1 Instr Cache Line Size:        0 bytes
00:00:02.097363 L1 Instr Cache Lines Per Tag:    0
00:00:02.097363 L1 Instr Cache Associativity:    res0  
00:00:02.097364 L1 Instr Cache Size:             0 KB
00:00:02.097365 L1 Data Cache Line Size:         0 bytes
00:00:02.097365 L1 Data Cache Lines Per Tag:     0
00:00:02.097366 L1 Data Cache Associativity:     res0  
00:00:02.097366 L1 Data Cache Size:              0 KB
00:00:02.097367 L2 TLB 2/4M Instr/Uni:           off       0 entries
00:00:02.097368 L2 TLB 2/4M Data:                off       0 entries
00:00:02.097369 L2 TLB 4K Instr/Uni:             off       0 entries
00:00:02.097370 L2 TLB 4K Data:                  off       0 entries
00:00:02.097370 L2 Cache Line Size:              0 bytes
00:00:02.097371 L2 Cache Lines Per Tag:          0
00:00:02.097371 L2 Cache Associativity:          off   
00:00:02.097372 L2 Cache Size:                   0 KB
00:00:02.097373   TS - Temperature Sensor                                 = 0 (0)
00:00:02.097375   FID - Frequency ID control                              = 0 (0)
00:00:02.097376   VID - Voltage ID control                                = 0 (0)
00:00:02.097378   TscInvariant - Invariant Time Stamp Counter             = 1 (1)
00:00:02.097380   CBP - Core Performance Boost                            = 0 (0)
00:00:02.097381   EffFreqRO - Read-only Effective Frequency Interface     = 0 (0)
00:00:02.097383   ProcFdbkIf - Processor Feedback Interface               = 0 (0)
00:00:02.097384   ProcPwrRep - Core power reporting interface support     = 0 (0)
00:00:02.097385 Physical Address Width:          39 bits
00:00:02.097386 Virtual Address Width:           48 bits
00:00:02.097386 Guest Physical Address Width:    0 bits
00:00:02.097387 Physical Core Count:             1
00:00:02.097390 
00:00:02.097390 ******************** End of CPUID dump **********************
00:00:02.097391 *********************** VT-x features ***********************
00:00:02.097393 Nested hardware virtualization - VMX features
00:00:02.097393   Mnemonic - Description                                  = guest (host)
00:00:02.097394   VMX - Virtual-Machine Extensions                        = 0 (1)
00:00:02.097395   InsOutInfo - INS/OUTS instruction info.                 = 0 (1)
00:00:02.097396   ExtIntExit - External interrupt exiting                 = 0 (1)
00:00:02.097396   NmiExit - NMI exiting                                   = 0 (1)
00:00:02.097397   VirtNmi - Virtual NMIs                                  = 0 (1)
00:00:02.097398   PreemptTimer - VMX preemption timer                     = 0 (1)
00:00:02.097399   PostedInt - Posted interrupts                           = 0 (0)
00:00:02.097400   IntWindowExit - Interrupt-window exiting                = 0 (1)
00:00:02.097401   TscOffsetting - TSC offsetting                          = 0 (1)
00:00:02.097402   HltExit - HLT exiting                                   = 0 (1)
00:00:02.097402   InvlpgExit - INVLPG exiting                             = 0 (1)
00:00:02.097403   MwaitExit - MWAIT exiting                               = 0 (1)
00:00:02.097404   RdpmcExit - RDPMC exiting                               = 0 (1)
00:00:02.097405   RdtscExit - RDTSC exiting                               = 0 (1)
00:00:02.097406   Cr3LoadExit - CR3-load exiting                          = 0 (1)
00:00:02.097407   Cr3StoreExit - CR3-store exiting                        = 0 (1)
00:00:02.097408   Cr8LoadExit  - CR8-load exiting                         = 0 (1)
00:00:02.097408   Cr8StoreExit - CR8-store exiting                        = 0 (1)
00:00:02.097409   UseTprShadow - Use TPR shadow                           = 0 (1)
00:00:02.097410   NmiWindowExit - NMI-window exiting                      = 0 (1)
00:00:02.097411   MovDRxExit - Mov-DR exiting                             = 0 (1)
00:00:02.097412   UncondIoExit - Unconditional I/O exiting                = 0 (1)
00:00:02.097413   UseIoBitmaps - Use I/O bitmaps                          = 0 (1)
00:00:02.097413   MonitorTrapFlag - Monitor Trap Flag                     = 0 (1)
00:00:02.097414   UseMsrBitmaps - MSR bitmaps                             = 0 (1)
00:00:02.097415   MonitorExit - MONITOR exiting                           = 0 (1)
00:00:02.097416   PauseExit - PAUSE exiting                               = 0 (1)
00:00:02.097417   SecondaryExecCtl - Activate secondary controls          = 0 (1)
00:00:02.097418   VirtApic - Virtualize-APIC accesses                     = 0 (1)
00:00:02.097419   Ept - Extended Page Tables                              = 0 (1)
00:00:02.097419   DescTableExit - Descriptor-table exiting                = 0 (1)
00:00:02.097427   Rdtscp - Enable RDTSCP                                  = 0 (1)
00:00:02.097428   VirtX2ApicMode - Virtualize-x2APIC mode                 = 0 (1)
00:00:02.097429   Vpid - Enable VPID                                      = 0 (1)
00:00:02.097429   WbinvdExit - WBINVD exiting                             = 0 (1)
00:00:02.097430   UnrestrictedGuest - Unrestricted guest                  = 0 (1)
00:00:02.097431   ApicRegVirt - APIC-register virtualization              = 0 (0)
00:00:02.097431   VirtIntDelivery - Virtual-interrupt delivery            = 0 (0)
00:00:02.097432   PauseLoopExit - PAUSE-loop exiting                      = 0 (1)
00:00:02.097433   RdrandExit - RDRAND exiting                             = 0 (1)
00:00:02.097433   Invpcid - Enable INVPCID                                = 0 (1)
00:00:02.097434   VmFuncs - Enable VM Functions                           = 0 (1)
00:00:02.097435   VmcsShadowing - VMCS shadowing                          = 0 (1)
00:00:02.097435   RdseedExiting - RDSEED exiting                          = 0 (1)
00:00:02.097436   PML - Page-Modification Log (PML)                       = 0 (1)
00:00:02.097437   EptVe - EPT violations can cause #VE                    = 0 (1)
00:00:02.097437   XsavesXRstors - Enable XSAVES/XRSTORS                   = 0 (1)
00:00:02.097438   EntryLoadDebugCtls - Load debug controls on VM-entry    = 0 (1)
00:00:02.097439   Ia32eModeGuest - IA-32e mode guest                      = 0 (1)
00:00:02.097440   EntryLoadEferMsr - Load IA32_EFER MSR on VM-entry       = 0 (1)
00:00:02.097440   EntryLoadPatMsr - Load IA32_PAT MSR on VM-entry         = 0 (1)
00:00:02.097441   ExitSaveDebugCtls - Save debug controls on VM-exit      = 0 (1)
00:00:02.097442   HostAddrSpaceSize - Host address-space size             = 0 (1)
00:00:02.097443   ExitAckExtInt - Acknowledge interrupt on VM-exit        = 0 (1)
00:00:02.097443   ExitSavePatMsr - Save IA32_PAT MSR on VM-exit           = 0 (1)
00:00:02.097444   ExitLoadPatMsr - Load IA32_PAT MSR on VM-exit           = 0 (1)
00:00:02.097445   ExitSaveEferMsr - Save IA32_EFER MSR on VM-exit         = 0 (1)
00:00:02.097446   ExitLoadEferMsr - Load IA32_EFER MSR on VM-exit         = 0 (1)
00:00:02.097446   SavePreemptTimer - Save VMX-preemption timer            = 0 (1)
00:00:02.097447   ExitSaveEferLma - Save IA32_EFER.LMA on VM-exit         = 0 (1)
00:00:02.097448   IntelPt - Intel PT (Processor Trace) in VMX operation   = 0 (1)
00:00:02.097448   VmwriteAll - VMWRITE to any supported VMCS field        = 0 (1)
00:00:02.097449   EntryInjectSoftInt - Inject softint. with 0-len instr.  = 0 (1)
00:00:02.097451 
00:00:02.097451 ******************* End of VT-x features ********************
00:00:02.097490 VMEmt: Halt method global1 (5)
00:00:02.097530 VMEmt: HaltedGlobal1 config: cNsSpinBlockThresholdCfg=2000
00:00:02.097544 Changing the VM state from 'CREATING' to 'CREATED'
00:00:02.110575 Changing the VM state from 'CREATED' to 'POWERING_ON'
00:00:02.110853 Changing the VM state from 'POWERING_ON' to 'RUNNING'
00:00:02.110867 Console: Machine state changed to 'Running'
00:00:02.112740 VMMDev: Guest Log: BIOS: VirtualBox 6.1.6
00:00:02.112831 PCI: Setting up resources and interrupts
00:00:02.113010 PIT: mode=2 count=0x10000 (65536) - 18.20 Hz (ch=0)
00:00:02.128069 Display::i_handleDisplayResize: uScreenId=0 pvVRAM=0000000000000000 w=720 h=400 bpp=0 cbLine=0x0 flags=0x0 origin=0,0
00:00:02.129720 VMMDev: Guest Log: CPUID EDX: 0x178bfbff
00:00:02.129787 PIIX3 ATA: Ctl#0: RESET, DevSel=0 AIOIf=0 CmdIf0=0x00 (-1 usec ago) CmdIf1=0x00 (-1 usec ago)
00:00:02.129823 PIIX3 ATA: Ctl#0: finished processing RESET
00:00:02.130280 VMMDev: Guest Log: BIOS: ata0-0: PCHS=4161/16/63 LCHS=520/128/63
00:00:02.130828 PIIX3 ATA: Ctl#1: RESET, DevSel=0 AIOIf=0 CmdIf0=0x00 (-1 usec ago) CmdIf1=0x00 (-1 usec ago)
00:00:02.130867 PIIX3 ATA: Ctl#1: finished processing RESET
00:00:02.134266 PIT: mode=2 count=0x48d3 (18643) - 64.00 Hz (ch=0)
00:00:02.150092 Display::i_handleDisplayResize: uScreenId=0 pvVRAM=00007f0ab8df5000 w=640 h=480 bpp=32 cbLine=0xA00 flags=0x0 origin=0,0
00:00:02.612234 GUI: UIMachineViewNormal::resendSizeHint: Restoring guest size-hint for screen 0 to 800x600
00:00:02.626705 GUI: 2D video acceleration is disabled
00:00:02.627152 GUI: HID LEDs sync is not supported on this platform
00:00:02.687973 GUI: UIMachineLogicNormal::sltCheckForRequestedVisualStateType: Requested-state=0, Machine-state=5
00:00:04.615010 PIT: mode=2 count=0x10000 (65536) - 18.20 Hz (ch=0)
00:00:04.615355 VMMDev: Guest Log: BIOS: Boot : bseqnr=1, bootseq=0231
00:00:04.615680 VMMDev: Guest Log: BIOS: Boot from Floppy 0 failed
00:00:04.615998 VMMDev: Guest Log: BIOS: Boot : bseqnr=2, bootseq=0023
00:00:04.616567 VMMDev: Guest Log: BIOS: Booting from CD-ROM...
00:00:04.669967 Display::i_handleDisplayResize: uScreenId=0 pvVRAM=0000000000000000 w=720 h=400 bpp=0 cbLine=0x0 flags=0x0 origin=0,0
00:00:05.053735 PIT: mode=0 count=0x10000 (65536) - 18.20 Hz (ch=0)
